<?xml version="1.0" encoding="UTF-8" ?>
<testsuite tests="4" failures="0" name="de.hawhh.gewiss.get.simulator.db.dao.SQLiteBuildingDAOTest" time="0.062" errors="0" skipped="0">
  <properties>
[...]
</properties>
  <testcase classname="de.hawhh.gewiss.get.simulator.db.dao.SQLiteBuildingDAOTest" name="testFindAll" time="0.047"/>
  <testcase classname="de.hawhh.gewiss.get.simulator.db.dao.SQLiteBuildingDAOTest" name="testGetNonResidentialBuildingTypes" time="0.015"/>
  <testcase classname="de.hawhh.gewiss.get.simulator.db.dao.SQLiteBuildingDAOTest" name="testFindById" time="0"/>
  <testcase classname="de.hawhh.gewiss.get.simulator.db.dao.SQLiteBuildingDAOTest" name="testGetResidentialBuildingTypes" time="0"/>
</testsuite>